<?xml version="1.0" encoding="UTF-8"?>
<!-- Generated by org.testng.reporters.JUnitXMLReporter -->
<testsuite ignored="0" hostname="Meo" failures="5" tests="29" name="Surefire test" time="560.219" errors="0" timestamp="2025-06-16T22:21:20 ICT">
  <testcase classname="assignment.RequestDemoTest" name="testForm" time="16.289"/>
  <testcase classname="assignment.RequestDemoTest" name="testForm" time="15.075"/>
  <testcase classname="assignment.RequestDemoTest" name="testForm" time="12.852"/>
  <testcase classname="assignment.RequestDemoTest" name="testForm" time="17.724"/>
  <testcase classname="assignment.RequestDemoTest" name="testForm" time="22.312"/>
  <testcase classname="assignment.RequestDemoTest" name="testForm" time="0.383"/>
  <testcase classname="assignment.RequestDemoTest" name="testForm" time="0.406"/>
  <testcase classname="assignment.RequestDemoTest" name="testForm" time="22.202"/>
  <testcase classname="assignment.RequestDemoTest" name="testForm" time="22.345"/>
  <testcase classname="assignment.RequestDemoTest" name="testForm" time="22.19"/>
  <testcase classname="assignment.RequestDemoTest" name="testForm" time="22.247"/>
  <testcase classname="assignment.RequestDemoTest" name="testForm" time="22.081"/>
  <testcase classname="assignment.RequestDemoTest" name="testForm" time="22.004"/>
  <testcase classname="assignment.RequestDemoTest" name="testForm" time="21.922"/>
  <testcase classname="assignment.RequestDemoTest" name="testForm" time="14.29">
    <failure type="java.lang.AssertionError" message="Form submitted or error message missing when it should have failed!">
      <![CDATA[java.lang.AssertionError: Form submitted or error message missing when it should have failed!
at assignment.RequestDemoTest.testForm(RequestDemoTest.java:184)
at java.base/java.util.ArrayList.forEach(ArrayList.java:1511)
... Removed 33 stack frames]]>
    </failure>
  </testcase> <!-- testForm -->
  <testcase classname="assignment.RequestDemoTest" name="testForm" time="20.493">
    <failure type="java.lang.AssertionError" message="Form submitted or error message missing when it should have failed!">
      <![CDATA[java.lang.AssertionError: Form submitted or error message missing when it should have failed!
at assignment.RequestDemoTest.testForm(RequestDemoTest.java:184)
at java.base/java.util.ArrayList.forEach(ArrayList.java:1511)
... Removed 33 stack frames]]>
    </failure>
  </testcase> <!-- testForm -->
  <testcase classname="assignment.RequestDemoTest" name="testForm" time="11.513">
    <failure type="java.lang.AssertionError" message="Form submitted or error message missing when it should have failed!">
      <![CDATA[java.lang.AssertionError: Form submitted or error message missing when it should have failed!
at assignment.RequestDemoTest.testForm(RequestDemoTest.java:184)
at java.base/java.util.ArrayList.forEach(ArrayList.java:1511)
... Removed 32 stack frames]]>
    </failure>
  </testcase> <!-- testForm -->
  <testcase classname="assignment.RequestDemoTest" name="testForm" time="10.992">
    <failure type="java.lang.AssertionError" message="Form submitted or error message missing when it should have failed!">
      <![CDATA[java.lang.AssertionError: Form submitted or error message missing when it should have failed!
at assignment.RequestDemoTest.testForm(RequestDemoTest.java:184)
at java.base/java.util.ArrayList.forEach(ArrayList.java:1511)
... Removed 32 stack frames]]>
    </failure>
  </testcase> <!-- testForm -->
  <testcase classname="assignment.RequestDemoTest" name="testForm" time="33.42">
    <failure type="java.lang.AssertionError" message="Form submitted or error message missing when it should have failed!">
      <![CDATA[java.lang.AssertionError: Form submitted or error message missing when it should have failed!
at assignment.RequestDemoTest.testForm(RequestDemoTest.java:184)
at java.base/java.util.ArrayList.forEach(ArrayList.java:1511)
... Removed 32 stack frames]]>
    </failure>
  </testcase> <!-- testForm -->
  <testcase classname="feature.Day06.LoginMultiCaseTest" name="testLoginWithEmptyUsername" time="1.563"/>
  <testcase classname="feature.Day06.LoginMultiCaseTest" name="testLoginWithInvalidPassword" time="0.258"/>
  <testcase classname="feature.Day06.LoginMultiCaseTest" name="testLoginWithInvalidUsername" time="0.209"/>
  <testcase classname="feature.Day06.LoginMultiCaseTest" name="testLoginWithValidCredentials" time="0.284"/>
  <testcase classname="feature.Day06.LoginMultiCaseV2Test" name="testLoginFunctionality" time="0.342"/>
  <testcase classname="feature.Day06.LoginMultiCaseV2Test" name="testLoginFunctionality" time="0.32"/>
  <testcase classname="feature.Day06.LoginMultiCaseV2Test" name="testLoginFunctionality" time="0.278"/>
  <testcase classname="feature.Day06.LoginMultiCaseV2Test" name="testLoginFunctionality" time="0.294"/>
  <testcase classname="feature.Day06.LoginMultiCaseV2Test" name="testLoginFunctionality" time="0.269"/>
  <testcase classname="feature.Day06.LoginTest" name="testLoginSuccess" time="1.105"/>
</testsuite> <!-- Surefire test -->
