<html>
<head>
<title>TestNG:  Surefire test</title>
<link href="../testng.css" rel="stylesheet" type="text/css" />
<link href="../my-testng.css" rel="stylesheet" type="text/css" />

<style type="text/css">
.log { display: none;} 
.stack-trace { display: none;} 
</style>
<script type="text/javascript">
<!--
function flip(e) {
  current = e.style.display;
  if (current == 'block') {
    e.style.display = 'none';
    return 0;
  }
  else {
    e.style.display = 'block';
    return 1;
  }
}

function toggleBox(szDivId, elem, msg1, msg2)
{
  var res = -1;  if (document.getElementById) {
    res = flip(document.getElementById(szDivId));
  }
  else if (document.all) {
    // this is the way old msie versions work
    res = flip(document.all[szDivId]);
  }
  if(elem) {
    if(res == 0) elem.innerHTML = msg1; else elem.innerHTML = msg2;
  }

}

function toggleAllBoxes() {
  if (document.getElementsByTagName) {
    d = document.getElementsByTagName('div');
    for (i = 0; i < d.length; i++) {
      if (d[i].className == 'log') {
        flip(d[i]);
      }
    }
  }
}

// -->
</script>

</head>
<body>
<h2 align='center'>Surefire test</h2><table border='1' align="center">
<tr>
<td>Tests passed/Failed/Skipped:</td><td>24/5/0</td>
</tr><tr>
<td>Started on:</td><td>Mon Jun 16 22:12:00 ICT 2025</td>
</tr>
<tr><td>Total time:</td><td>560 seconds (560219 ms)</td>
</tr><tr>
<td>Included groups:</td><td></td>
</tr><tr>
<td>Excluded groups:</td><td></td>
</tr>
</table><p/>
<small><i>(Hover the method name to see the test class name)</i></small><p/>
<table width='100%' border='1' class='invocation-failed'>
<tr><td colspan='4' align='center'><b>FAILED TESTS</b></td></tr>
<tr><td><b>Test method</b></td>
<td><b>Attribute(s)</b></td>
<td width="30%"><b>Exception</b></td>
<td width="10%"><b>Time (seconds)</b></td>
<td><b>Instance</b></td>
</tr>
<tr>
<td title='assignment.RequestDemoTest.testForm()'><b>testForm</b><br>Test class: assignment.RequestDemoTest<br>Parameters: haht@bfd.vn, Hoàng Thái, Hà, BFD.JSC, 0904, Vietnam, , Test Analytics & AI Insights, Comment16, true, failure, Must be a phone number.</td>
<td><div><pre>java.lang.AssertionError: Form submitted or error message missing when it should have failed!
	at assignment.RequestDemoTest.testForm(RequestDemoTest.java:184)
	at java.base/java.util.ArrayList.forEach(ArrayList.java:1511)
... Removed 32 stack frames</pre></div><a href='#' onClick='toggleBox("stack-trace543198964", this, "Click to show all stack frames", "Click to hide stack frames")'>Click to show all stack frames</a>
<div class='stack-trace' id='stack-trace543198964'><pre>java.lang.AssertionError: Form submitted or error message missing when it should have failed!
	at org.testng.Assert.fail(Assert.java:111)
	at assignment.RequestDemoTest.testForm(RequestDemoTest.java:184)
	at jdk.internal.reflect.GeneratedMethodAccessor6.invoke(Unknown Source)
	at java.base/jdk.internal.reflect.DelegatingMethodAccessorImpl.invoke(DelegatingMethodAccessorImpl.java:43)
	at java.base/java.lang.reflect.Method.invoke(Method.java:568)
	at org.testng.internal.invokers.MethodInvocationHelper.invokeMethod(MethodInvocationHelper.java:139)
	at org.testng.internal.invokers.TestInvoker.invokeMethod(TestInvoker.java:664)
	at org.testng.internal.invokers.TestInvoker.invokeTestMethod(TestInvoker.java:228)
	at org.testng.internal.invokers.MethodRunner.runInSequence(MethodRunner.java:63)
	at org.testng.internal.invokers.TestInvoker$MethodInvocationAgent.invoke(TestInvoker.java:961)
	at org.testng.internal.invokers.TestInvoker.invokeTestMethods(TestInvoker.java:201)
	at org.testng.internal.invokers.TestMethodWorker.invokeTestMethods(TestMethodWorker.java:148)
	at org.testng.internal.invokers.TestMethodWorker.run(TestMethodWorker.java:128)
	at java.base/java.util.ArrayList.forEach(ArrayList.java:1511)
	at org.testng.TestRunner.privateRun(TestRunner.java:819)
	at org.testng.TestRunner.run(TestRunner.java:619)
	at org.testng.SuiteRunner.runTest(SuiteRunner.java:443)
	at org.testng.SuiteRunner.runSequentially(SuiteRunner.java:437)
	at org.testng.SuiteRunner.privateRun(SuiteRunner.java:397)
	at org.testng.SuiteRunner.run(SuiteRunner.java:336)
	at org.testng.SuiteRunnerWorker.runSuite(SuiteRunnerWorker.java:52)
	at org.testng.SuiteRunnerWorker.run(SuiteRunnerWorker.java:95)
	at org.testng.TestNG.runSuitesSequentially(TestNG.java:1301)
	at org.testng.TestNG.runSuitesLocally(TestNG.java:1228)
	at org.testng.TestNG.runSuites(TestNG.java:1134)
	at org.testng.TestNG.run(TestNG.java:1101)
	at org.apache.maven.surefire.testng.TestNGExecutor.run(TestNGExecutor.java:155)
	at org.apache.maven.surefire.testng.TestNGDirectoryTestSuite.executeMulti(TestNGDirectoryTestSuite.java:169)
	at org.apache.maven.surefire.testng.TestNGDirectoryTestSuite.execute(TestNGDirectoryTestSuite.java:88)
	at org.apache.maven.surefire.testng.TestNGProvider.invoke(TestNGProvider.java:137)
	at org.apache.maven.surefire.booter.ForkedBooter.runSuitesInProcess(ForkedBooter.java:385)
	at org.apache.maven.surefire.booter.ForkedBooter.execute(ForkedBooter.java:162)
	at org.apache.maven.surefire.booter.ForkedBooter.run(ForkedBooter.java:507)
	at org.apache.maven.surefire.booter.ForkedBooter.main(ForkedBooter.java:495)
</pre></div></td>
<td>10</td>
<td>assignment.RequestDemoTest@7219ec67</td></tr>
<tr>
<td title='assignment.RequestDemoTest.testForm()'><b>testForm</b><br>Test class: assignment.RequestDemoTest<br>Parameters: haht@bfd.vn, Hoàng Thái, Hà, 123, 0904590449, Vietnam, , Test Analytics & AI Insights, Comment15, true, failure, This field is required.</td>
<td><div><pre>java.lang.AssertionError: Form submitted or error message missing when it should have failed!
	at assignment.RequestDemoTest.testForm(RequestDemoTest.java:184)
	at java.base/java.util.ArrayList.forEach(ArrayList.java:1511)
... Removed 32 stack frames</pre></div><a href='#' onClick='toggleBox("stack-trace1273087895", this, "Click to show all stack frames", "Click to hide stack frames")'>Click to show all stack frames</a>
<div class='stack-trace' id='stack-trace1273087895'><pre>java.lang.AssertionError: Form submitted or error message missing when it should have failed!
	at org.testng.Assert.fail(Assert.java:111)
	at assignment.RequestDemoTest.testForm(RequestDemoTest.java:184)
	at jdk.internal.reflect.GeneratedMethodAccessor6.invoke(Unknown Source)
	at java.base/jdk.internal.reflect.DelegatingMethodAccessorImpl.invoke(DelegatingMethodAccessorImpl.java:43)
	at java.base/java.lang.reflect.Method.invoke(Method.java:568)
	at org.testng.internal.invokers.MethodInvocationHelper.invokeMethod(MethodInvocationHelper.java:139)
	at org.testng.internal.invokers.TestInvoker.invokeMethod(TestInvoker.java:664)
	at org.testng.internal.invokers.TestInvoker.invokeTestMethod(TestInvoker.java:228)
	at org.testng.internal.invokers.MethodRunner.runInSequence(MethodRunner.java:63)
	at org.testng.internal.invokers.TestInvoker$MethodInvocationAgent.invoke(TestInvoker.java:961)
	at org.testng.internal.invokers.TestInvoker.invokeTestMethods(TestInvoker.java:201)
	at org.testng.internal.invokers.TestMethodWorker.invokeTestMethods(TestMethodWorker.java:148)
	at org.testng.internal.invokers.TestMethodWorker.run(TestMethodWorker.java:128)
	at java.base/java.util.ArrayList.forEach(ArrayList.java:1511)
	at org.testng.TestRunner.privateRun(TestRunner.java:819)
	at org.testng.TestRunner.run(TestRunner.java:619)
	at org.testng.SuiteRunner.runTest(SuiteRunner.java:443)
	at org.testng.SuiteRunner.runSequentially(SuiteRunner.java:437)
	at org.testng.SuiteRunner.privateRun(SuiteRunner.java:397)
	at org.testng.SuiteRunner.run(SuiteRunner.java:336)
	at org.testng.SuiteRunnerWorker.runSuite(SuiteRunnerWorker.java:52)
	at org.testng.SuiteRunnerWorker.run(SuiteRunnerWorker.java:95)
	at org.testng.TestNG.runSuitesSequentially(TestNG.java:1301)
	at org.testng.TestNG.runSuitesLocally(TestNG.java:1228)
	at org.testng.TestNG.runSuites(TestNG.java:1134)
	at org.testng.TestNG.run(TestNG.java:1101)
	at org.apache.maven.surefire.testng.TestNGExecutor.run(TestNGExecutor.java:155)
	at org.apache.maven.surefire.testng.TestNGDirectoryTestSuite.executeMulti(TestNGDirectoryTestSuite.java:169)
	at org.apache.maven.surefire.testng.TestNGDirectoryTestSuite.execute(TestNGDirectoryTestSuite.java:88)
	at org.apache.maven.surefire.testng.TestNGProvider.invoke(TestNGProvider.java:137)
	at org.apache.maven.surefire.booter.ForkedBooter.runSuitesInProcess(ForkedBooter.java:385)
	at org.apache.maven.surefire.booter.ForkedBooter.execute(ForkedBooter.java:162)
	at org.apache.maven.surefire.booter.ForkedBooter.run(ForkedBooter.java:507)
	at org.apache.maven.surefire.booter.ForkedBooter.main(ForkedBooter.java:495)
</pre></div></td>
<td>11</td>
<td>assignment.RequestDemoTest@7219ec67</td></tr>
<tr>
<td title='assignment.RequestDemoTest.testForm()'><b>testForm</b><br>Test class: assignment.RequestDemoTest<br>Parameters: haht@bfd.vn, 123, Hà, BFD.JSC, 0904590447, Vietnam, , Test Analytics & AI Insights, Comment13, true, failure, This field is required.</td>
<td><div><pre>java.lang.AssertionError: Form submitted or error message missing when it should have failed!
	at assignment.RequestDemoTest.testForm(RequestDemoTest.java:184)
	at java.base/java.util.ArrayList.forEach(ArrayList.java:1511)
... Removed 33 stack frames</pre></div><a href='#' onClick='toggleBox("stack-trace1823752147", this, "Click to show all stack frames", "Click to hide stack frames")'>Click to show all stack frames</a>
<div class='stack-trace' id='stack-trace1823752147'><pre>java.lang.AssertionError: Form submitted or error message missing when it should have failed!
	at org.testng.Assert.fail(Assert.java:111)
	at assignment.RequestDemoTest.testForm(RequestDemoTest.java:184)
	at java.base/jdk.internal.reflect.NativeMethodAccessorImpl.invoke0(Native Method)
	at java.base/jdk.internal.reflect.NativeMethodAccessorImpl.invoke(NativeMethodAccessorImpl.java:77)
	at java.base/jdk.internal.reflect.DelegatingMethodAccessorImpl.invoke(DelegatingMethodAccessorImpl.java:43)
	at java.base/java.lang.reflect.Method.invoke(Method.java:568)
	at org.testng.internal.invokers.MethodInvocationHelper.invokeMethod(MethodInvocationHelper.java:139)
	at org.testng.internal.invokers.TestInvoker.invokeMethod(TestInvoker.java:664)
	at org.testng.internal.invokers.TestInvoker.invokeTestMethod(TestInvoker.java:228)
	at org.testng.internal.invokers.MethodRunner.runInSequence(MethodRunner.java:63)
	at org.testng.internal.invokers.TestInvoker$MethodInvocationAgent.invoke(TestInvoker.java:961)
	at org.testng.internal.invokers.TestInvoker.invokeTestMethods(TestInvoker.java:201)
	at org.testng.internal.invokers.TestMethodWorker.invokeTestMethods(TestMethodWorker.java:148)
	at org.testng.internal.invokers.TestMethodWorker.run(TestMethodWorker.java:128)
	at java.base/java.util.ArrayList.forEach(ArrayList.java:1511)
	at org.testng.TestRunner.privateRun(TestRunner.java:819)
	at org.testng.TestRunner.run(TestRunner.java:619)
	at org.testng.SuiteRunner.runTest(SuiteRunner.java:443)
	at org.testng.SuiteRunner.runSequentially(SuiteRunner.java:437)
	at org.testng.SuiteRunner.privateRun(SuiteRunner.java:397)
	at org.testng.SuiteRunner.run(SuiteRunner.java:336)
	at org.testng.SuiteRunnerWorker.runSuite(SuiteRunnerWorker.java:52)
	at org.testng.SuiteRunnerWorker.run(SuiteRunnerWorker.java:95)
	at org.testng.TestNG.runSuitesSequentially(TestNG.java:1301)
	at org.testng.TestNG.runSuitesLocally(TestNG.java:1228)
	at org.testng.TestNG.runSuites(TestNG.java:1134)
	at org.testng.TestNG.run(TestNG.java:1101)
	at org.apache.maven.surefire.testng.TestNGExecutor.run(TestNGExecutor.java:155)
	at org.apache.maven.surefire.testng.TestNGDirectoryTestSuite.executeMulti(TestNGDirectoryTestSuite.java:169)
	at org.apache.maven.surefire.testng.TestNGDirectoryTestSuite.execute(TestNGDirectoryTestSuite.java:88)
	at org.apache.maven.surefire.testng.TestNGProvider.invoke(TestNGProvider.java:137)
	at org.apache.maven.surefire.booter.ForkedBooter.runSuitesInProcess(ForkedBooter.java:385)
	at org.apache.maven.surefire.booter.ForkedBooter.execute(ForkedBooter.java:162)
	at org.apache.maven.surefire.booter.ForkedBooter.run(ForkedBooter.java:507)
	at org.apache.maven.surefire.booter.ForkedBooter.main(ForkedBooter.java:495)
</pre></div></td>
<td>14</td>
<td>assignment.RequestDemoTest@7219ec67</td></tr>
<tr>
<td title='assignment.RequestDemoTest.testForm()'><b>testForm</b><br>Test class: assignment.RequestDemoTest<br>Parameters: haht@bfd.vn, Hoàng Thái, Hà, BFD.JSC, 09045904511, Vietnam, , Test Analytics & AI Insights, Comment17, true, failure, Must be a phone number.</td>
<td><div><pre>java.lang.AssertionError: Form submitted or error message missing when it should have failed!
	at assignment.RequestDemoTest.testForm(RequestDemoTest.java:184)
	at java.base/java.util.ArrayList.forEach(ArrayList.java:1511)
... Removed 32 stack frames</pre></div><a href='#' onClick='toggleBox("stack-trace1207229581", this, "Click to show all stack frames", "Click to hide stack frames")'>Click to show all stack frames</a>
<div class='stack-trace' id='stack-trace1207229581'><pre>java.lang.AssertionError: Form submitted or error message missing when it should have failed!
	at org.testng.Assert.fail(Assert.java:111)
	at assignment.RequestDemoTest.testForm(RequestDemoTest.java:184)
	at jdk.internal.reflect.GeneratedMethodAccessor6.invoke(Unknown Source)
	at java.base/jdk.internal.reflect.DelegatingMethodAccessorImpl.invoke(DelegatingMethodAccessorImpl.java:43)
	at java.base/java.lang.reflect.Method.invoke(Method.java:568)
	at org.testng.internal.invokers.MethodInvocationHelper.invokeMethod(MethodInvocationHelper.java:139)
	at org.testng.internal.invokers.TestInvoker.invokeMethod(TestInvoker.java:664)
	at org.testng.internal.invokers.TestInvoker.invokeTestMethod(TestInvoker.java:228)
	at org.testng.internal.invokers.MethodRunner.runInSequence(MethodRunner.java:63)
	at org.testng.internal.invokers.TestInvoker$MethodInvocationAgent.invoke(TestInvoker.java:961)
	at org.testng.internal.invokers.TestInvoker.invokeTestMethods(TestInvoker.java:201)
	at org.testng.internal.invokers.TestMethodWorker.invokeTestMethods(TestMethodWorker.java:148)
	at org.testng.internal.invokers.TestMethodWorker.run(TestMethodWorker.java:128)
	at java.base/java.util.ArrayList.forEach(ArrayList.java:1511)
	at org.testng.TestRunner.privateRun(TestRunner.java:819)
	at org.testng.TestRunner.run(TestRunner.java:619)
	at org.testng.SuiteRunner.runTest(SuiteRunner.java:443)
	at org.testng.SuiteRunner.runSequentially(SuiteRunner.java:437)
	at org.testng.SuiteRunner.privateRun(SuiteRunner.java:397)
	at org.testng.SuiteRunner.run(SuiteRunner.java:336)
	at org.testng.SuiteRunnerWorker.runSuite(SuiteRunnerWorker.java:52)
	at org.testng.SuiteRunnerWorker.run(SuiteRunnerWorker.java:95)
	at org.testng.TestNG.runSuitesSequentially(TestNG.java:1301)
	at org.testng.TestNG.runSuitesLocally(TestNG.java:1228)
	at org.testng.TestNG.runSuites(TestNG.java:1134)
	at org.testng.TestNG.run(TestNG.java:1101)
	at org.apache.maven.surefire.testng.TestNGExecutor.run(TestNGExecutor.java:155)
	at org.apache.maven.surefire.testng.TestNGDirectoryTestSuite.executeMulti(TestNGDirectoryTestSuite.java:169)
	at org.apache.maven.surefire.testng.TestNGDirectoryTestSuite.execute(TestNGDirectoryTestSuite.java:88)
	at org.apache.maven.surefire.testng.TestNGProvider.invoke(TestNGProvider.java:137)
	at org.apache.maven.surefire.booter.ForkedBooter.runSuitesInProcess(ForkedBooter.java:385)
	at org.apache.maven.surefire.booter.ForkedBooter.execute(ForkedBooter.java:162)
	at org.apache.maven.surefire.booter.ForkedBooter.run(ForkedBooter.java:507)
	at org.apache.maven.surefire.booter.ForkedBooter.main(ForkedBooter.java:495)
</pre></div></td>
<td>33</td>
<td>assignment.RequestDemoTest@7219ec67</td></tr>
<tr>
<td title='assignment.RequestDemoTest.testForm()'><b>testForm</b><br>Test class: assignment.RequestDemoTest<br>Parameters: haht@bfd.vn, Hoàng Thái, 123, BFD.JSC, 0904590448, Vietnam, , Test Analytics & AI Insights, Comment14, true, failure, This field is required.</td>
<td><div><pre>java.lang.AssertionError: Form submitted or error message missing when it should have failed!
	at assignment.RequestDemoTest.testForm(RequestDemoTest.java:184)
	at java.base/java.util.ArrayList.forEach(ArrayList.java:1511)
... Removed 33 stack frames</pre></div><a href='#' onClick='toggleBox("stack-trace2024985246", this, "Click to show all stack frames", "Click to hide stack frames")'>Click to show all stack frames</a>
<div class='stack-trace' id='stack-trace2024985246'><pre>java.lang.AssertionError: Form submitted or error message missing when it should have failed!
	at org.testng.Assert.fail(Assert.java:111)
	at assignment.RequestDemoTest.testForm(RequestDemoTest.java:184)
	at java.base/jdk.internal.reflect.NativeMethodAccessorImpl.invoke0(Native Method)
	at java.base/jdk.internal.reflect.NativeMethodAccessorImpl.invoke(NativeMethodAccessorImpl.java:77)
	at java.base/jdk.internal.reflect.DelegatingMethodAccessorImpl.invoke(DelegatingMethodAccessorImpl.java:43)
	at java.base/java.lang.reflect.Method.invoke(Method.java:568)
	at org.testng.internal.invokers.MethodInvocationHelper.invokeMethod(MethodInvocationHelper.java:139)
	at org.testng.internal.invokers.TestInvoker.invokeMethod(TestInvoker.java:664)
	at org.testng.internal.invokers.TestInvoker.invokeTestMethod(TestInvoker.java:228)
	at org.testng.internal.invokers.MethodRunner.runInSequence(MethodRunner.java:63)
	at org.testng.internal.invokers.TestInvoker$MethodInvocationAgent.invoke(TestInvoker.java:961)
	at org.testng.internal.invokers.TestInvoker.invokeTestMethods(TestInvoker.java:201)
	at org.testng.internal.invokers.TestMethodWorker.invokeTestMethods(TestMethodWorker.java:148)
	at org.testng.internal.invokers.TestMethodWorker.run(TestMethodWorker.java:128)
	at java.base/java.util.ArrayList.forEach(ArrayList.java:1511)
	at org.testng.TestRunner.privateRun(TestRunner.java:819)
	at org.testng.TestRunner.run(TestRunner.java:619)
	at org.testng.SuiteRunner.runTest(SuiteRunner.java:443)
	at org.testng.SuiteRunner.runSequentially(SuiteRunner.java:437)
	at org.testng.SuiteRunner.privateRun(SuiteRunner.java:397)
	at org.testng.SuiteRunner.run(SuiteRunner.java:336)
	at org.testng.SuiteRunnerWorker.runSuite(SuiteRunnerWorker.java:52)
	at org.testng.SuiteRunnerWorker.run(SuiteRunnerWorker.java:95)
	at org.testng.TestNG.runSuitesSequentially(TestNG.java:1301)
	at org.testng.TestNG.runSuitesLocally(TestNG.java:1228)
	at org.testng.TestNG.runSuites(TestNG.java:1134)
	at org.testng.TestNG.run(TestNG.java:1101)
	at org.apache.maven.surefire.testng.TestNGExecutor.run(TestNGExecutor.java:155)
	at org.apache.maven.surefire.testng.TestNGDirectoryTestSuite.executeMulti(TestNGDirectoryTestSuite.java:169)
	at org.apache.maven.surefire.testng.TestNGDirectoryTestSuite.execute(TestNGDirectoryTestSuite.java:88)
	at org.apache.maven.surefire.testng.TestNGProvider.invoke(TestNGProvider.java:137)
	at org.apache.maven.surefire.booter.ForkedBooter.runSuitesInProcess(ForkedBooter.java:385)
	at org.apache.maven.surefire.booter.ForkedBooter.execute(ForkedBooter.java:162)
	at org.apache.maven.surefire.booter.ForkedBooter.run(ForkedBooter.java:507)
	at org.apache.maven.surefire.booter.ForkedBooter.main(ForkedBooter.java:495)
</pre></div></td>
<td>20</td>
<td>assignment.RequestDemoTest@7219ec67</td></tr>
</table><p>
<table width='100%' border='1' class='invocation-passed'>
<tr><td colspan='4' align='center'><b>PASSED TESTS</b></td></tr>
<tr><td><b>Test method</b></td>
<td><b>Attribute(s)</b></td>
<td width="30%"><b>Exception</b></td>
<td width="10%"><b>Time (seconds)</b></td>
<td><b>Instance</b></td>
</tr>
<tr>
<td title='feature.Day06.LoginMultiCaseV2Test.testLoginFunctionality()'><b>testLoginFunctionality</b><br>Test class: feature.Day06.LoginMultiCaseV2Test<br>Parameters: invalid_user, secret_sauce, failure, Username and password do not match</td>
<td></td>
<td>0</td>
<td>feature.Day06.LoginMultiCaseV2Test@1f0f1111</td></tr>
<tr>
<td title='assignment.RequestDemoTest.testForm()'><b>testForm</b><br>Test class: assignment.RequestDemoTest<br>Parameters: haht@bfd.vn, Hoàng Thái, Hà, BFD.JSC, 0904590444, United States, , Test Analytics & AI Insights, Comment3, true, failure, This field is required.</td>
<td></td>
<td>22</td>
<td>assignment.RequestDemoTest@7219ec67</td></tr>
<tr>
<td title='assignment.RequestDemoTest.testForm()'><b>testForm</b><br>Test class: assignment.RequestDemoTest<br>Parameters: haht@bfd.vn, Hoàng Thái, Hà, BFD.JSC, 0904590444, Vietnam, , Test Analytics & AI Insights, Comment1, false, success, </td>
<td></td>
<td>12</td>
<td>assignment.RequestDemoTest@7219ec67</td></tr>
<tr>
<td title='feature.Day06.LoginMultiCaseV2Test.testLoginFunctionality()'><b>testLoginFunctionality</b><br>Test class: feature.Day06.LoginMultiCaseV2Test<br>Parameters: standard_user, invalid_pass, failure, Username and password do not match</td>
<td></td>
<td>0</td>
<td>feature.Day06.LoginMultiCaseV2Test@1f0f1111</td></tr>
<tr>
<td title='assignment.RequestDemoTest.testForm()'><b>testForm</b><br>Test class: assignment.RequestDemoTest<br>Parameters: haht@bfd.vn, Hoàng Thái, , BFD.JSC, 0904590445, Vietnam, , Test Analytics & AI Insights, Comment7, true, failure, This field is required.</td>
<td></td>
<td>22</td>
<td>assignment.RequestDemoTest@7219ec67</td></tr>
<tr>
<td title='assignment.RequestDemoTest.testForm()'><b>testForm</b><br>Test class: assignment.RequestDemoTest<br>Parameters: haht@bfd.vn, Hoàng Thái, Hà, BFD.JSC, 0904590444, Vietnam, , Test Analytics & AI Insights, , true, success, </td>
<td></td>
<td>15</td>
<td>assignment.RequestDemoTest@7219ec67</td></tr>
<tr>
<td title='assignment.RequestDemoTest.testForm()'><b>testForm</b><br>Test class: assignment.RequestDemoTest<br>Parameters: haht@bfd.vn, Hoàng Thái, Hà, BFD.JSC, invalid_phone, Vietnam, , Test Analytics & AI Insights, Comment10, true, failure, Must be a phone number.</td>
<td></td>
<td>22</td>
<td>assignment.RequestDemoTest@7219ec67</td></tr>
<tr>
<td title='assignment.RequestDemoTest.testForm()'><b>testForm</b><br>Test class: assignment.RequestDemoTest<br>Parameters: , , , BFD.JSC, , , , Test Analytics & AI Insights, Comment5, true, failure, Must be valid email.</td>
<td></td>
<td>0</td>
<td>assignment.RequestDemoTest@7219ec67</td></tr>
<tr>
<td title='assignment.RequestDemoTest.testForm()'><b>testForm</b><br>Test class: assignment.RequestDemoTest<br>Parameters: haht@bfd.vn, , Hà, BFD.JSC, 0904590444, Vietnam, , Test Analytics & AI Insights, Comment6, true, failure, This field is required.</td>
<td></td>
<td>22</td>
<td>assignment.RequestDemoTest@7219ec67</td></tr>
<tr>
<td title='assignment.RequestDemoTest.testForm()'><b>testForm</b><br>Test class: assignment.RequestDemoTest<br>Parameters: haht@bfd.vn, Hoàng Thái, Hà, BFD.JSC, 0904590446, Vietnam, , , Comment12, true, failure, This field is required.</td>
<td></td>
<td>21</td>
<td>assignment.RequestDemoTest@7219ec67</td></tr>
<tr>
<td title='feature.Day06.LoginMultiCaseTest.testLoginWithInvalidPassword()'><b>testLoginWithInvalidPassword</b><br>Test class: feature.Day06.LoginMultiCaseTest</td>
<td></td>
<td>0</td>
<td>feature.Day06.LoginMultiCaseTest@670002</td></tr>
<tr>
<td title='feature.Day06.LoginMultiCaseV2Test.testLoginFunctionality()'><b>testLoginFunctionality</b><br>Test class: feature.Day06.LoginMultiCaseV2Test<br>Parameters: standard_user, , failure, Password is required</td>
<td></td>
<td>0</td>
<td>feature.Day06.LoginMultiCaseV2Test@1f0f1111</td></tr>
<tr>
<td title='assignment.RequestDemoTest.testForm()'><b>testForm</b><br>Test class: assignment.RequestDemoTest<br>Parameters: haht@bfd.vn, Hoàng Thái, Hà, BFD.JSC, 0904590444, United States, AK, Test Analytics & AI Insights, Comment2, true, success, </td>
<td></td>
<td>17</td>
<td>assignment.RequestDemoTest@7219ec67</td></tr>
<tr>
<td title='assignment.RequestDemoTest.testForm()'><b>testForm</b><br>Test class: assignment.RequestDemoTest<br>Parameters: haht@bfd.vn, Hoàng Thái, Hà, BFD.JSC, 0904590445, , , Test Analytics & AI Insights, Comment11, true, failure, This field is required.</td>
<td></td>
<td>22</td>
<td>assignment.RequestDemoTest@7219ec67</td></tr>
<tr>
<td title='assignment.RequestDemoTest.testForm()'><b>testForm</b><br>Test class: assignment.RequestDemoTest<br>Parameters: invalid.com, , , BFD.JSC, , , , Test Analytics & AI Insights, Comment4, true, failure, Must be valid email.</td>
<td></td>
<td>0</td>
<td>assignment.RequestDemoTest@7219ec67</td></tr>
<tr>
<td title='feature.Day06.LoginMultiCaseTest.testLoginWithInvalidUsername()'><b>testLoginWithInvalidUsername</b><br>Test class: feature.Day06.LoginMultiCaseTest</td>
<td></td>
<td>0</td>
<td>feature.Day06.LoginMultiCaseTest@670002</td></tr>
<tr>
<td title='feature.Day06.LoginMultiCaseV2Test.testLoginFunctionality()'><b>testLoginFunctionality</b><br>Test class: feature.Day06.LoginMultiCaseV2Test<br>Parameters: standard_user, secret_sauce, success, </td>
<td></td>
<td>0</td>
<td>feature.Day06.LoginMultiCaseV2Test@1f0f1111</td></tr>
<tr>
<td title='assignment.RequestDemoTest.testForm()'><b>testForm</b><br>Test class: assignment.RequestDemoTest<br>Parameters: haht@bfd.vn, Hoàng Thái, Hà, BFD.JSC, 0904590444, Vietnam, , Test Analytics & AI Insights, Comment1, true, success, </td>
<td></td>
<td>16</td>
<td>assignment.RequestDemoTest@7219ec67</td></tr>
<tr>
<td title='feature.Day06.LoginMultiCaseTest.testLoginWithValidCredentials()'><b>testLoginWithValidCredentials</b><br>Test class: feature.Day06.LoginMultiCaseTest</td>
<td></td>
<td>0</td>
<td>feature.Day06.LoginMultiCaseTest@670002</td></tr>
<tr>
<td title='feature.Day06.LoginMultiCaseV2Test.testLoginFunctionality()'><b>testLoginFunctionality</b><br>Test class: feature.Day06.LoginMultiCaseV2Test<br>Parameters: , secret_sauce, failure, Username is required</td>
<td></td>
<td>0</td>
<td>feature.Day06.LoginMultiCaseV2Test@1f0f1111</td></tr>
<tr>
<td title='feature.Day06.LoginMultiCaseTest.testLoginWithEmptyUsername()'><b>testLoginWithEmptyUsername</b><br>Test class: feature.Day06.LoginMultiCaseTest</td>
<td></td>
<td>1</td>
<td>feature.Day06.LoginMultiCaseTest@670002</td></tr>
<tr>
<td title='assignment.RequestDemoTest.testForm()'><b>testForm</b><br>Test class: assignment.RequestDemoTest<br>Parameters: haht@bfd.vn, Hoàng Thái, Hà, BFD.JSC, , Vietnam, , Test Analytics & AI Insights, Comment9, true, failure, Must be a phone number.</td>
<td></td>
<td>22</td>
<td>assignment.RequestDemoTest@7219ec67</td></tr>
<tr>
<td title='assignment.RequestDemoTest.testForm()'><b>testForm</b><br>Test class: assignment.RequestDemoTest<br>Parameters: haht@bfd.vn, Hoàng Thái, Hà, , 0904590446, Vietnam, , Test Analytics & AI Insights, Comment8, true, failure, This field is required.</td>
<td></td>
<td>22</td>
<td>assignment.RequestDemoTest@7219ec67</td></tr>
<tr>
<td title='feature.Day06.LoginTest.testLoginSuccess()'><b>testLoginSuccess</b><br>Test class: feature.Day06.LoginTest</td>
<td></td>
<td>1</td>
<td>feature.Day06.LoginTest@49c386c8</td></tr>
</table><p>
</body>
</html>